<?xml version="1.0" encoding="UTF-8"?>
<beans xmlns="http://www.springframework.org/schema/beans"
       xmlns:xsi="http://www.w3.org/2001/XMLSchema-instance"
       xmlns:context="http://www.springframework.org/schema/context"
       xmlns:tx="http://www.springframework.org/schema/tx"
       xmlns:aop="http://www.springframework.org/schema/aop"
       xsi:schemaLocation="http://www.springframework.org/schema/beans
                           http://www.springframework.org/schema/beans/spring-beans.xsd
                           http://www.springframework.org/schema/mvc
                           http://www.springframework.org/schema/mvc/spring-mvc.xsd
                           http://www.springframework.org/schema/tx 
                           http://www.springframework.org/schema/tx/spring-tx-3.0.xsd
                           http://www.springframework.org/schema/context
                           http://www.springframework.org/schema/context/spring-context.xsd
       http://www.springframework.org/schema/aop http://www.springframework.org/schema/aop/spring-aop-3.2.xsd"> 

    <!-- Bean definitions go here -->
    <bean id="hibernateUtil" class="com.sg.superherosightings.util.HibernateUtil"/>   
    <bean id="superheroDao" class="com.sg.superherosightings.dao.SHSightingsSuperHeroDaoImpl"/>
    <bean id="organizationDao" class="com.sg.superherosightings.dao.SHSightingsOrganizationDaoImpl"/>
    <bean id="addressDao" class="com.sg.superherosightings.dao.SHSightingsAddressDaoImpl"/>
    <bean id="superPowerDao" class="com.sg.superherosightings.dao.SHSightingsSuperPowerDaoImpl"/>
    <bean id="locationDao" class="com.sg.superherosightings.dao.SHSightingsLocationDaoImpl"/>
    <bean id="sightingDao" class="com.sg.superherosightings.dao.SHSightingsSightingDaoImpl"/>
    <!--<bean id="databaseInit" class="com.sg.superherosightings.util.DatabaseInitializer"/>-->
    <bean id="superHeroService" class="com.sg.superherosightings.service.SHSightingsSuperHeroService"/>
    <bean id="organizationService" class="com.sg.superherosightings.service.SHSightingsOrganizationService"/>

</beans>
